<?xml version="1.0" encoding="UTF-8"?>
<testsuites name="jest tests" tests="14" failures="0" errors="0" time="13.052">
  <testsuite name="/api/courses/jobs/[id]/run-next" errors="0" failures="0" skipped="0" timestamp="2026-06-26T15:01:04" time="0.182" tests="3">
    <testcase classname="/api/courses/jobs/[id]/run-next verifies ownership before claiming and executes exactly one online step" name="/api/courses/jobs/[id]/run-next verifies ownership before claiming and executes exactly one online step" time="0.002">
    </testcase>
    <testcase classname="/api/courses/jobs/[id]/run-next returns an idle state without invoking a model when the workflow is at a human gate" name="/api/courses/jobs/[id]/run-next returns an idle state without invoking a model when the workflow is at a human gate" time="0.001">
    </testcase>
    <testcase classname="/api/courses/jobs/[id]/run-next records a technical failure without pretending the step succeeded" name="/api/courses/jobs/[id]/run-next records a technical failure without pretending the step succeeded" time="0">
    </testcase>
  </testsuite>
  <testsuite name="course outline source coverage helpers" errors="0" failures="0" skipped="0" timestamp="2026-06-26T15:01:04" time="0.028" tests="3">
    <testcase classname="course outline source coverage helpers numbers normalized transcript lines with stable absolute labels" name="course outline source coverage helpers numbers normalized transcript lines with stable absolute labels" time="0.001">
    </testcase>
    <testcase classname="course outline source coverage helpers finds internal and trailing outline coverage gaps" name="course outline source coverage helpers finds internal and trailing outline coverage gaps" time="0">
    </testcase>
    <testcase classname="course outline source coverage helpers overlapping ranges do not create false gaps" name="course outline source coverage helpers overlapping ranges do not create false gaps" time="0">
    </testcase>
  </testsuite>
  <testsuite name="controlled course workflow" errors="0" failures="0" skipped="0" timestamp="2026-06-26T15:01:04" time="0.038" tests="5">
    <testcase classname="controlled course workflow forces line-based splitting and keeps writer, reviewer and human approval separate" name="controlled course workflow forces line-based splitting and keeps writer, reviewer and human approval separate" time="0.011">
    </testcase>
    <testcase classname="controlled course workflow returns final-review revision to the cited node instead of failing the workflow" name="controlled course workflow returns final-review revision to the cited node instead of failing the workflow" time="0">
    </testcase>
    <testcase classname="controlled course workflow advances from a completed first lesson to the second lesson" name="controlled course workflow advances from a completed first lesson to the second lesson" time="0.001">
    </testcase>
    <testcase classname="controlled course workflow rejects outlines that leave source lines uncovered" name="controlled course workflow rejects outlines that leave source lines uncovered" time="0">
    </testcase>
    <testcase classname="controlled course workflow adds supplemental material to the target lesson without recreating unrelated lessons" name="controlled course workflow adds supplemental material to the target lesson without recreating unrelated lessons" time="0.001">
    </testcase>
  </testsuite>
  <testsuite name="course AI adapter" errors="0" failures="0" skipped="0" timestamp="2026-06-26T15:01:04" time="0.022" tests="3">
    <testcase classname="course AI adapter builds role-specific prompts with source material and prompt version" name="course AI adapter builds role-specific prompts with source material and prompt version" time="0">
    </testcase>
    <testcase classname="course AI adapter rejects missing model configuration for a role" name="course AI adapter rejects missing model configuration for a role" time="0.003">
    </testcase>
    <testcase classname="course AI adapter parses valid JSON and rejects empty or invalid model output" name="course AI adapter parses valid JSON and rejects empty or invalid model output" time="0">
    </testcase>
  </testsuite>
</testsuites>